time [s]    Te [K]    Ta [K]    Energ_dens_at    energ_dens_e    n [m^-3]    Etot [m^-2]
 0.1000E-16    300.001    300.000       0.162      0.000     0.10000010E+17    12583.602180371
 0.1000E-13    300.291    300.000       0.162      0.000     0.10011751E+17    12583.602180371
 0.2000E-13    300.690    300.000       0.162      0.000     0.10028104E+17    12583.602180371
 0.3000E-13    301.238    300.000       0.162      0.000     0.10050810E+17    12583.602180371
 0.4000E-13    301.990    300.000       0.162      0.000     0.10082267E+17    12583.602180371
 0.5000E-13    303.023    300.000       0.162      0.000     0.10125751E+17    12583.602180371
 0.6000E-13    304.439    300.000       0.162      0.000     0.10185728E+17    12583.602180371
 0.7000E-13    306.378    300.000       0.162      0.000     0.10268269E+17    12583.602180371
 0.8000E-13    309.025    300.000       0.162      0.000     0.10381613E+17    12583.602180371
 0.9000E-13    312.627    300.000       0.162      0.000     0.10536909E+17    12583.602180371
 0.1000E-12    317.513    300.000       0.162      0.000     0.10749214E+17    12583.602180371
 0.1100E-12    324.108    300.000       0.162      0.000     0.11038812E+17    12583.602180372
 0.1200E-12    332.967    300.000       0.162      0.000     0.11432969E+17    12583.602180372
 0.1300E-12    344.787    300.000       0.162      0.000     0.11968247E+17    12583.602180373
 0.1400E-12    360.435    300.000       0.162      0.000     0.12693562E+17    12583.602180373
 0.1500E-12    380.951    300.000       0.162      0.000     0.13674203E+17    12583.602180374
 0.1600E-12    407.529    300.000       0.162      0.000     0.14997115E+17    12583.602180375
 0.1700E-12    441.452    300.000       0.162      0.000     0.16777805E+17    12583.602180377
 0.1800E-12    483.972    300.000       0.162      0.000     0.19169371E+17    12583.602180379
 0.1900E-12    536.107    300.000       0.162      0.000     0.22374264E+17    12583.602180382
 0.2000E-12    598.377    300.000       0.162      0.000     0.26659564E+17    12583.602180386
 0.2100E-12    670.510    300.000       0.162      0.000     0.32376794E+17    12583.602180391
 0.2200E-12    751.216    300.000       0.162      0.000     0.39987534E+17    12583.602180398
 0.2300E-12    838.134    300.000       0.162      0.000     0.50096456E+17    12583.602180408
 0.2400E-12    928.031    300.000       0.162      0.000     0.63493830E+17    12583.602180420
 0.2500E-12   1017.252    300.000       0.162      0.000     0.81210060E+17    12583.602180436
 0.2600E-12   1102.292    300.000       0.162      0.000     0.10458550E+18    12583.602180458
 0.2700E-12   1180.318    300.000       0.162      0.000     0.13535960E+18    12583.602180486
 0.2800E-12   1249.475    300.000       0.162      0.000     0.17578439E+18    12583.602180524
 0.2900E-12   1308.941    300.000       0.162      0.000     0.22876870E+18    12583.602180572
 0.3000E-12   1358.769    300.000       0.162      0.000     0.29806079E+18    12583.602180636
 0.3100E-12   1399.636    300.000       0.162      0.000     0.38847925E+18    12583.602180720
 0.3200E-12   1432.571    300.000       0.162      0.000     0.50620392E+18    12583.602180828
 0.3300E-12   1458.742    300.000       0.162      0.000     0.65914175E+18    12583.602180969
 0.3400E-12   1479.300    300.000       0.162      0.000     0.85738538E+18    12583.602181152
 0.3500E-12   1495.297    300.000       0.162      0.000     0.11137869E+19    12583.602181388
 0.3600E-12   1507.646    300.000       0.162      0.000     0.14446731E+19    12583.602181693
 0.3700E-12   1517.108    300.000       0.162      0.000     0.18707362E+19    12583.602182086
 0.3800E-12   1524.304    300.000       0.162      0.000     0.24181377E+19    12583.602182590
 0.3900E-12   1529.731    300.000       0.162      0.000     0.31198755E+19    12583.602183237
 0.4000E-12   1533.783    300.000       0.162      0.000     0.40174712E+19    12583.602184064
 0.4100E-12   1536.769    300.000       0.162      0.000     0.51630462E+19    12583.602185120
 0.4200E-12   1538.928    300.000       0.162      0.000     0.66218711E+19    12583.602186465
 0.4300E-12   1540.447    300.000       0.162      0.000     0.84754868E+19    12583.602188173
 0.4400E-12   1541.469    300.000       0.162      0.000     0.10825515E+20    12583.602190339
 0.4500E-12   1542.107    300.000       0.162      0.000     0.13798300E+20    12583.602193079
 0.4600E-12   1542.446    300.000       0.162      0.000     0.17550540E+20    12583.602196538
 0.4700E-12   1542.551    300.000       0.162      0.000     0.22276115E+20    12583.602200894
 0.4800E-12   1542.475    300.000       0.162      0.000     0.28214326E+20    12583.602206367
 0.4900E-12   1542.257    300.000       0.162      0.000     0.35659819E+20    12583.602213230
 0.5000E-12   1541.927    300.000       0.162      0.000     0.44974504E+20    12583.602221815
 0.5100E-12   1541.510    300.000       0.162      0.000     0.56601828E+20    12583.602232532
 0.5200E-12   1541.022    300.000       0.162      0.000     0.71083818E+20    12583.602245881
 0.5300E-12   1540.480    300.000       0.162      0.000     0.89081377E+20    12583.602262469
 0.5400E-12   1539.895    300.000       0.162      0.000     0.11139838E+21    12583.602283040
 0.5500E-12   1539.274    300.000       0.162      0.000     0.13901019E+21    12583.602308490
 0.5600E-12   1538.626    300.000       0.162      0.000     0.17309736E+21    12583.602339910
 0.5700E-12   1537.956    300.000       0.162      0.000     0.21508522E+21    12583.602378611
 0.5800E-12   1537.269    300.000       0.162      0.000     0.26669043E+21    12583.602426178
 0.5900E-12   1536.568    300.000       0.162      0.000     0.32997535E+21    12583.602484510
 0.6000E-12   1535.857    300.000       0.162      0.000     0.40741148E+21    12583.602555887
 0.6100E-12   1535.138    300.000       0.162      0.000     0.50195333E+21    12583.602643030
 0.6200E-12   1534.414    300.000       0.162      0.000     0.61712385E+21    12583.602749188
 0.6300E-12   1533.688    300.000       0.162      0.000     0.75711337E+21    12583.602878224
 0.6400E-12   1532.960    300.000       0.162      0.000     0.92689337E+21    12583.603034719
 0.6500E-12   1532.233    300.000       0.162      0.000     0.11323473E+22    12583.603224097
 0.6600E-12   1531.508    300.000       0.162      0.000     0.13804202E+22    12583.603452759
 0.6700E-12   1530.787    300.000       0.162      0.000     0.16792892E+22    12583.603728244
 0.6800E-12   1530.071    300.000       0.162      0.000     0.20385581E+22    12583.604059403
 0.6900E-12   1529.362    300.000       0.162      0.000     0.24694764E+22    12583.604456606
 0.7000E-12   1528.660    300.000       0.162      0.000     0.29851886E+22    12583.604931969
 0.7100E-12   1527.967    300.000       0.162      0.000     0.36010126E+22    12583.605499611
 0.7200E-12   1527.283    300.000       0.162      0.000     0.43347537E+22    12583.606175944
 0.7300E-12   1526.608    300.000       0.162      0.000     0.52070536E+22    12583.606979995
 0.7400E-12   1525.944    300.000       0.162      0.000     0.62417807E+22    12583.607933764
 0.7500E-12   1525.291    300.000       0.162      0.000     0.74664608E+22    12583.609062622
 0.7600E-12   1524.648    300.000       0.162      0.000     0.89127545E+22    12583.610395750
 0.7700E-12   1524.016    300.000       0.162      0.000     0.10616980E+23    12583.611966624
 0.7800E-12   1523.395    300.000       0.162      0.000     0.12620690E+23    12583.613813539
 0.7900E-12   1522.785    300.000       0.162      0.000     0.14971294E+23    12583.615980190
 0.8000E-12   1522.186    300.000       0.162      0.000     0.17722739E+23    12583.618516297
 0.8100E-12   1521.598    300.000       0.162      0.000     0.20936247E+23    12583.621478278
 0.8200E-12   1521.020    300.000       0.162      0.000     0.24681100E+23    12583.624929980
 0.8300E-12   1520.452    300.000       0.162      0.000     0.29035489E+23    12583.628943454
 0.8400E-12   1519.895    300.000       0.162      0.000     0.34087410E+23    12583.633599783
 0.8500E-12   1519.347    300.000       0.162      0.000     0.39935620E+23    12583.638989957
 0.8600E-12   1518.808    300.000       0.162      0.000     0.46690635E+23    12583.645215793
 0.8700E-12   1518.279    300.000       0.162      0.000     0.54475781E+23    12583.652390899
 0.8800E-12   1517.759    300.000       0.162      0.000     0.63428279E+23    12583.660641671
 0.8900E-12   1517.247    300.000       0.162      0.000     0.73700368E+23    12583.670108318
 0.9000E-12   1516.743    300.000       0.162      0.000     0.85460451E+23    12583.680945918
 0.9100E-12   1516.247    300.000       0.162      0.000     0.98894258E+23    12583.693325475
 0.9200E-12   1515.758    300.000       0.162      0.000     0.11420601E+24    12583.707434989
 0.9300E-12   1515.275    300.000       0.162      0.000     0.13161959E+24    12583.723480507
 0.9400E-12   1514.798    300.000       0.162      0.000     0.15137965E+24    12583.741687154
 0.9500E-12   1514.326    300.001       0.162      0.000     0.17375272E+24    12583.762300123
 0.9600E-12   1513.859    300.001       0.162      0.000     0.19902824E+24    12583.785585605
 0.9700E-12   1513.395    300.001       0.162      0.000     0.22751953E+24    12583.811831647
 0.9800E-12   1512.934    300.001       0.162      0.000     0.25956461E+24    12583.841348908
 0.9900E-12   1512.475    300.001       0.162      0.000     0.29552695E+24    12583.874471301
 0.1000E-11   1512.016    300.001       0.162      0.000     0.33579604E+24    12583.911556494
 0.1010E-11   1511.556    300.001       0.162      0.000     0.38078781E+24    12583.952986243
 0.1020E-11   1511.094    300.002       0.162      0.000     0.43094484E+24    12583.999166541
 0.1030E-11   1510.629    300.002       0.162      0.000     0.48673635E+24    12584.050527555
 0.1040E-11   1510.159    300.002       0.162      0.000     0.54865789E+24    12584.107523325
 0.1050E-11   1509.682    300.002       0.162      0.000     0.61723086E+24    12584.170631208
 0.1060E-11   1509.197    300.003       0.162      0.000     0.69300165E+24    12584.240351035
 0.1070E-11   1508.701    300.003       0.162      0.000     0.77654044E+24    12584.317203975
 0.1080E-11   1508.193    300.003       0.162      0.000     0.86843974E+24    12584.401731073
 0.1090E-11   1507.670    300.004       0.162      0.000     0.96931249E+24    12584.494491458
 0.1100E-11   1507.130    300.004       0.162      0.000     0.10797898E+25    12584.596060200
 0.1110E-11   1506.570    300.005       0.162      0.000     0.12005184E+25    12584.707025812
 0.1120E-11   1505.988    300.005       0.162      0.000     0.13321576E+25    12584.827987396
 0.1130E-11   1505.381    300.006       0.162      0.000     0.14753755E+25    12584.959551423
 0.1140E-11   1504.746    300.007       0.162      0.000     0.16308459E+25    12585.102328162
 0.1150E-11   1504.079    300.008       0.162      0.000     0.17992433E+25    12585.256927764
 0.1160E-11   1503.378    300.009       0.162      0.000     0.19812391E+25    12585.423956025
 0.1170E-11   1502.638    300.010       0.162      0.000     0.21774958E+25    12585.604009836
 0.1180E-11   1501.857    300.011       0.162      0.000     0.23886625E+25    12585.797672367
 0.1190E-11   1501.030    300.012       0.162      0.000     0.26153692E+25    12586.005508003
 0.1200E-11   1500.152    300.013       0.162      0.000     0.28582206E+25    12586.228057090
 0.1210E-11   1499.221    300.015       0.162      0.000     0.31177907E+25    12586.465830523
 0.1220E-11   1498.231    300.016       0.162      0.000     0.33946163E+25    12586.719304230
 0.1230E-11   1497.177    300.018       0.162      0.000     0.36891908E+25    12586.988913622
 0.1240E-11   1496.055    300.020       0.162      0.000     0.40019584E+25    12587.275048054
 0.1250E-11   1494.860    300.022       0.162      0.000     0.43333073E+25    12587.578045361
 0.1260E-11   1493.586    300.024       0.162      0.000     0.46835642E+25    12587.898186558
 0.1270E-11   1492.229    300.026       0.162      0.000     0.50529882E+25    12588.235690739
 0.1280E-11   1490.783    300.028       0.162      0.000     0.54417651E+25    12588.590710274
 0.1290E-11   1489.241    300.031       0.162      0.000     0.58500027E+25    12588.963326350
 0.1300E-11   1487.599    300.034       0.162      0.000     0.62777255E+25    12589.353544943
 0.1310E-11   1485.850    300.037       0.162      0.000     0.67248707E+25    12589.761293265
 0.1320E-11   1483.989    300.040       0.162      0.000     0.71912847E+25    12590.186416763
 0.1330E-11   1482.008    300.044       0.162      0.000     0.76767195E+25    12590.628676718
 0.1340E-11   1479.903    300.047       0.162      0.001     0.81808313E+25    12591.087748494
 0.1350E-11   1477.666    300.051       0.162      0.001     0.87031782E+25    12591.563220480
 0.1360E-11   1475.291    300.055       0.162      0.001     0.92432201E+25    12592.054593764
 0.1370E-11   1472.773    300.060       0.162      0.001     0.98003185E+25    12592.561282564
 0.1380E-11   1470.103    300.064       0.162      0.001     0.10373738E+26    12593.082615426
 0.1390E-11   1467.277    300.069       0.162      0.001     0.10962647E+26    12593.617837215
 0.1400E-11   1464.288    300.074       0.162      0.001     0.11566124E+26    12594.166111879
 0.1410E-11   1461.128    300.080       0.162      0.001     0.12183156E+26    12594.726525988
 0.1420E-11   1457.794    300.085       0.162      0.001     0.12812649E+26    12595.298093017
 0.1430E-11   1454.277    300.091       0.162      0.001     0.13453429E+26    12595.879758355
 0.1440E-11   1450.572    300.098       0.162      0.001     0.14104252E+26    12596.470404980
 0.1450E-11   1446.674    300.104       0.162      0.001     0.14763807E+26    12597.068859770
 0.1460E-11   1442.577    300.111       0.162      0.001     0.15430729E+26    12597.673900386
 0.1470E-11   1438.275    300.118       0.162      0.001     0.16103602E+26    12598.284262645
 0.1480E-11   1433.764    300.125       0.162      0.001     0.16780974E+26    12598.898648341
 0.1490E-11   1429.038    300.132       0.162      0.001     0.17461361E+26    12599.515733411
 0.1500E-11   1424.092    300.140       0.162      0.001     0.18143258E+26    12600.134176366
 0.1510E-11   1418.924    300.148       0.162      0.001     0.18825153E+26    12600.752626915
 0.1520E-11   1413.528    300.156       0.162      0.001     0.19505530E+26    12601.369734676
 0.1530E-11   1407.902    300.165       0.162      0.001     0.20182887E+26    12601.984157886
 0.1540E-11   1402.042    300.174       0.162      0.001     0.20855739E+26    12602.594572030
 0.1550E-11   1395.946    300.183       0.162      0.001     0.21522633E+26    12603.199678286
 0.1560E-11   1389.612    300.192       0.162      0.001     0.22182153E+26    12603.798211703
 0.1570E-11   1383.037    300.201       0.162      0.001     0.22832934E+26    12604.388949032
 0.1580E-11   1376.221    300.211       0.162      0.001     0.23473665E+26    12604.970716130
 0.1590E-11   1369.163    300.221       0.162      0.001     0.24103101E+26    12605.542394856
 0.1600E-11   1361.863    300.230       0.162      0.001     0.24720069E+26    12606.102929405
 0.1610E-11   1354.322    300.241       0.162      0.002     0.25323472E+26    12606.651332005
 0.1620E-11   1346.540    300.251       0.162      0.002     0.25912300E+26    12607.186687956
 0.1630E-11   1338.519    300.261       0.162      0.002     0.26485628E+26    12607.708159926
 0.1640E-11   1330.261    300.272       0.162      0.002     0.27042626E+26    12608.214991516
 0.1650E-11   1321.770    300.282       0.162      0.002     0.27582558E+26    12608.706510044
 0.1660E-11   1313.047    300.293       0.162      0.002     0.28104784E+26    12609.182128552
 0.1670E-11   1304.099    300.304       0.162      0.002     0.28608764E+26    12609.641347019
 0.1680E-11   1294.928    300.315       0.162      0.002     0.29094057E+26    12610.083752805
 0.1690E-11   1285.541    300.326       0.162      0.002     0.29560317E+26    12610.509020336
 0.1700E-11   1275.943    300.337       0.162      0.002     0.30007296E+26    12610.916910048
 0.1710E-11   1266.141    300.348       0.162      0.002     0.30434841E+26    12611.307266648
 0.1720E-11   1256.141    300.359       0.162      0.002     0.30842889E+26    12611.680016710
 0.1730E-11   1245.952    300.370       0.162      0.002     0.31231464E+26    12612.035165673
 0.1740E-11   1235.581    300.381       0.162      0.002     0.31600673E+26    12612.372794287
 0.1750E-11   1225.037    300.393       0.162      0.002     0.31950703E+26    12612.693054581
 0.1760E-11   1214.329    300.404       0.162      0.002     0.32281812E+26    12612.996165399
 0.1770E-11   1203.467    300.415       0.162      0.002     0.32594327E+26    12613.282407587
 0.1780E-11   1192.461    300.426       0.162      0.002     0.32888636E+26    12613.552118893
 0.1790E-11   1181.322    300.437       0.162      0.002     0.33165184E+26    12613.805688644
 0.1800E-11   1170.059    300.448       0.162      0.002     0.33424465E+26    12614.043552285
 0.1810E-11   1158.684    300.458       0.162      0.002     0.33667015E+26    12614.266185836
 0.1820E-11   1147.209    300.469       0.162      0.002     0.33893408E+26    12614.474100318
 0.1830E-11   1135.646    300.480       0.162      0.002     0.34104250E+26    12614.667836243
 0.1840E-11   1124.005    300.490       0.162      0.002     0.34300171E+26    12614.847958191
 0.1850E-11   1112.299    300.501       0.162      0.002     0.34481821E+26    12615.015049545
 0.1860E-11   1100.540    300.511       0.162      0.002     0.34649862E+26    12615.169707432
 0.1870E-11   1088.740    300.521       0.162      0.002     0.34804966E+26    12615.312537883
 0.1880E-11   1076.910    300.532       0.162      0.002     0.34947809E+26    12615.444151301
 0.1890E-11   1065.064    300.542       0.162      0.002     0.35079063E+26    12615.565158206
 0.1900E-11   1053.211    300.551       0.162      0.002     0.35199400E+26    12615.676165317
 0.1910E-11   1041.365    300.561       0.162      0.002     0.35309477E+26    12615.777771980
 0.1920E-11   1029.536    300.571       0.162      0.002     0.35409942E+26    12615.870566948
 0.1930E-11   1017.735    300.580       0.162      0.002     0.35501427E+26    12615.955125524
 0.1940E-11   1005.974    300.590       0.162      0.002     0.35584546E+26    12616.032007061
 0.1950E-11    994.261    300.599       0.162      0.002     0.35659891E+26    12616.101752813
 0.1960E-11    982.608    300.608       0.162      0.002     0.35728033E+26    12616.164884158
 0.1970E-11    971.024    300.617       0.162      0.002     0.35789519E+26    12616.221901115
 0.1980E-11    959.517    300.625       0.162      0.002     0.35844871E+26    12616.273281225
 0.1990E-11    948.097    300.634       0.162      0.002     0.35894585E+26    12616.319478698
 0.2000E-11    936.771    300.642       0.162      0.002     0.35939131E+26    12616.360923863
 0.2010E-11    925.547    300.651       0.162      0.002     0.35978951E+26    12616.398022864
 0.2020E-11    914.433    300.659       0.162      0.002     0.36014463E+26    12616.431157596
 0.2030E-11    903.433    300.667       0.162      0.002     0.36046055E+26    12616.460685854
 0.2040E-11    892.555    300.675       0.162      0.002     0.36074092E+26    12616.486941677
 0.2050E-11    881.803    300.682       0.162      0.002     0.36098912E+26    12616.510235836
 0.2060E-11    871.183    300.690       0.162      0.002     0.36120829E+26    12616.530856483
 0.2070E-11    860.698    300.697       0.162      0.002     0.36140133E+26    12616.549069902
 0.2080E-11    850.353    300.704       0.162      0.002     0.36157090E+26    12616.565121377
 0.2090E-11    840.151    300.712       0.162      0.002     0.36171945E+26    12616.579236114
 0.2100E-11    830.095    300.718       0.162      0.002     0.36184923E+26    12616.591620235
 0.2110E-11    820.187    300.725       0.162      0.002     0.36196227E+26    12616.602461806
 0.2120E-11    810.428    300.732       0.162      0.002     0.36206045E+26    12616.611931898
 0.2130E-11    800.821    300.739       0.162      0.002     0.36214544E+26    12616.620185641
 0.2140E-11    791.367    300.745       0.162      0.002     0.36221876E+26    12616.627363302
 0.2150E-11    782.066    300.751       0.162      0.002     0.36228180E+26    12616.633591318
 0.2160E-11    772.918    300.758       0.162      0.002     0.36233578E+26    12616.638983344
 0.2170E-11    763.925    300.764       0.162      0.002     0.36238181E+26    12616.643641233
 0.2180E-11    755.085    300.770       0.162      0.002     0.36242089E+26    12616.647656012
 0.2190E-11    746.398    300.775       0.162      0.002     0.36245388E+26    12616.651108793
 0.2200E-11    737.864    300.781       0.162      0.002     0.36248158E+26    12616.654071657
 0.2210E-11    729.481    300.787       0.162      0.002     0.36250468E+26    12616.656608473
 0.2220E-11    721.248    300.792       0.162      0.002     0.36252379E+26    12616.658775686
 0.2230E-11    713.165    300.797       0.162      0.002     0.36253945E+26    12616.660623031
 0.2240E-11    705.229    300.803       0.162      0.002     0.36255213E+26    12616.662194222
 0.2250E-11    697.439    300.808       0.162      0.002     0.36256225E+26    12616.663527574
 0.2260E-11    689.793    300.813       0.162      0.002     0.36257017E+26    12616.664656571
 0.2270E-11    682.290    300.818       0.162      0.002     0.36257621E+26    12616.665610407
 0.2280E-11    674.928    300.822       0.162      0.002     0.36258065E+26    12616.666414466
 0.2290E-11    667.704    300.827       0.162      0.002     0.36258372E+26    12616.667090758
 0.2300E-11    660.617    300.832       0.162      0.002     0.36258563E+26    12616.667658316
 0.2310E-11    653.664    300.836       0.162      0.002     0.36258656E+26    12616.668133559
 0.2320E-11    646.844    300.841       0.162      0.002     0.36258666E+26    12616.668530610
 0.2330E-11    640.154    300.845       0.162      0.002     0.36258606E+26    12616.668861593
 0.2340E-11    633.592    300.849       0.162      0.002     0.36258488E+26    12616.669136884
 0.2350E-11    627.156    300.853       0.162      0.002     0.36258321E+26    12616.669365335
 0.2360E-11    620.844    300.857       0.162      0.002     0.36258112E+26    12616.669554491
 0.2370E-11    614.653    300.861       0.162      0.002     0.36257870E+26    12616.669710754
 0.2380E-11    608.582    300.865       0.162      0.002     0.36257600E+26    12616.669839550
 0.2390E-11    602.628    300.869       0.162      0.002     0.36257307E+26    12616.669945463
 0.2400E-11    596.790    300.873       0.162      0.002     0.36256994E+26    12616.670032358
 0.2410E-11    591.064    300.877       0.162      0.002     0.36256667E+26    12616.670103484
 0.2420E-11    585.449    300.880       0.162      0.002     0.36256326E+26    12616.670161563
 0.2430E-11    579.943    300.884       0.162      0.002     0.36255976E+26    12616.670208879
 0.2440E-11    574.545    300.887       0.162      0.002     0.36255618E+26    12616.670247331
 0.2450E-11    569.250    300.890       0.162      0.002     0.36255253E+26    12616.670278502
 0.2460E-11    564.059    300.894       0.162      0.002     0.36254883E+26    12616.670303706
 0.2470E-11    558.969    300.897       0.162      0.002     0.36254509E+26    12616.670324033
 0.2480E-11    553.977    300.900       0.163      0.002     0.36254133E+26    12616.670340382
 0.2490E-11    549.083    300.903       0.163      0.002     0.36253754E+26    12616.670353493
 0.2500E-11    544.283    300.906       0.163      0.002     0.36253374E+26    12616.670363977
 0.2510E-11    539.578    300.909       0.163      0.002     0.36252993E+26    12616.670372333
 0.2520E-11    534.963    300.912       0.163      0.002     0.36252612E+26    12616.670378969
 0.2530E-11    530.439    300.915       0.163      0.002     0.36252230E+26    12616.670384221
 0.2540E-11    526.002    300.918       0.163      0.002     0.36251848E+26    12616.670388358
 0.2550E-11    521.652    300.920       0.163      0.002     0.36251467E+26    12616.670391602
 0.2560E-11    517.386    300.923       0.163      0.002     0.36251086E+26    12616.670394133
 0.2570E-11    513.204    300.926       0.163      0.002     0.36250705E+26    12616.670396093
 0.2580E-11    509.103    300.928       0.163      0.002     0.36250326E+26    12616.670397601
 0.2590E-11    505.082    300.931       0.163      0.002     0.36249947E+26    12616.670398747
 0.2600E-11    501.139    300.933       0.163      0.002     0.36249569E+26    12616.670399609
 0.2610E-11    497.273    300.935       0.163      0.002     0.36249192E+26    12616.670400246
 0.2620E-11    493.482    300.938       0.163      0.002     0.36248815E+26    12616.670400706
 0.2630E-11    489.765    300.940       0.163      0.002     0.36248440E+26    12616.670401028
 0.2640E-11    486.120    300.942       0.163      0.002     0.36248065E+26    12616.670401242
 0.2650E-11    482.546    300.944       0.163      0.002     0.36247692E+26    12616.670401372
 0.2660E-11    479.042    300.947       0.163      0.002     0.36247319E+26    12616.670401437
 0.2670E-11    475.606    300.949       0.163      0.002     0.36246947E+26    12616.670401452
 0.2680E-11    472.237    300.951       0.163      0.002     0.36246577E+26    12616.670401428
 0.2690E-11    468.934    300.953       0.163      0.002     0.36246207E+26    12616.670401375
 0.2700E-11    465.694    300.955       0.163      0.002     0.36245838E+26    12616.670401301
 0.2710E-11    462.518    300.957       0.163      0.002     0.36245470E+26    12616.670401210
 0.2720E-11    459.404    300.959       0.163      0.002     0.36245102E+26    12616.670401108
 0.2730E-11    456.351    300.960       0.163      0.002     0.36244736E+26    12616.670400995
 0.2740E-11    453.357    300.962       0.163      0.002     0.36244371E+26    12616.670400880
 0.2750E-11    450.421    300.964       0.163      0.002     0.36244006E+26    12616.670400758
 0.2760E-11    447.542    300.966       0.163      0.002     0.36243642E+26    12616.670400635
 0.2770E-11    444.720    300.967       0.163      0.002     0.36243279E+26    12616.670400511
 0.2780E-11    441.952    300.969       0.163      0.002     0.36242917E+26    12616.670400387
 0.2790E-11    439.238    300.971       0.163      0.002     0.36242555E+26    12616.670400263
 0.2800E-11    436.578    300.972       0.163      0.002     0.36242195E+26    12616.670400140
 0.2810E-11    433.969    300.974       0.163      0.002     0.36241835E+26    12616.670400019
 0.2820E-11    431.410    300.975       0.163      0.002     0.36241476E+26    12616.670399898
 0.2830E-11    428.902    300.977       0.163      0.002     0.36241117E+26    12616.670399780
 0.2840E-11    426.442    300.978       0.163      0.002     0.36240759E+26    12616.670399664
 0.2850E-11    424.031    300.980       0.163      0.002     0.36240402E+26    12616.670399551
 0.2860E-11    421.666    300.981       0.163      0.002     0.36240046E+26    12616.670399438
 0.2870E-11    419.347    300.983       0.163      0.002     0.36239690E+26    12616.670399327
 0.2880E-11    417.074    300.984       0.163      0.002     0.36239335E+26    12616.670399220
 0.2890E-11    414.845    300.985       0.163      0.002     0.36238981E+26    12616.670399114
 0.2900E-11    412.659    300.987       0.163      0.002     0.36238627E+26    12616.670399011
 0.2910E-11    410.516    300.988       0.163      0.002     0.36238274E+26    12616.670398909
 0.2920E-11    408.414    300.989       0.163      0.002     0.36237921E+26    12616.670398809
 0.2930E-11    406.354    300.990       0.163      0.002     0.36237569E+26    12616.670398713
 0.2940E-11    404.333    300.991       0.163      0.002     0.36237218E+26    12616.670398617
 0.2950E-11    402.352    300.993       0.163      0.002     0.36236867E+26    12616.670398522
 0.2960E-11    400.410    300.994       0.163      0.002     0.36236516E+26    12616.670398431
 0.2970E-11    398.505    300.995       0.163      0.002     0.36236167E+26    12616.670398341
 0.2980E-11    396.638    300.996       0.163      0.002     0.36235817E+26    12616.670398253
 0.2990E-11    394.806    300.997       0.163      0.002     0.36235469E+26    12616.670398167
 0.3000E-11    393.011    300.998       0.163      0.002     0.36235121E+26    12616.670398083
 0.3010E-11    391.250    300.999       0.163      0.002     0.36234773E+26    12616.670398000
 0.3020E-11    389.524    301.000       0.163      0.002     0.36234426E+26    12616.670397919
 0.3030E-11    387.832    301.001       0.163      0.002     0.36234079E+26    12616.670397840
 0.3040E-11    386.172    301.002       0.163      0.002     0.36233733E+26    12616.670397763
 0.3050E-11    384.545    301.003       0.163      0.002     0.36233387E+26    12616.670397686
 0.3060E-11    382.949    301.004       0.163      0.002     0.36233042E+26    12616.670397612
 0.3070E-11    381.384    301.005       0.163      0.002     0.36232697E+26    12616.670397539
 0.3080E-11    379.850    301.006       0.163      0.002     0.36232353E+26    12616.670397468
 0.3090E-11    378.346    301.007       0.163      0.002     0.36232009E+26    12616.670397397
 0.3100E-11    376.871    301.008       0.163      0.002     0.36231666E+26    12616.670397330
 0.3110E-11    375.425    301.008       0.163      0.002     0.36231322E+26    12616.670397262
 0.3120E-11    374.007    301.009       0.163      0.002     0.36230980E+26    12616.670397197
 0.3130E-11    372.617    301.010       0.163      0.002     0.36230638E+26    12616.670397132
 0.3140E-11    371.253    301.011       0.163      0.002     0.36230296E+26    12616.670397069
 0.3150E-11    369.917    301.012       0.163      0.002     0.36229954E+26    12616.670397007
 0.3160E-11    368.606    301.012       0.163      0.002     0.36229613E+26    12616.670396947
 0.3170E-11    367.321    301.013       0.163      0.002     0.36229273E+26    12616.670396888
 0.3180E-11    366.061    301.014       0.163      0.002     0.36228932E+26    12616.670396830
 0.3190E-11    364.825    301.014       0.163      0.002     0.36228592E+26    12616.670396773
 0.3200E-11    363.614    301.015       0.163      0.002     0.36228253E+26    12616.670396717
 0.3210E-11    362.426    301.016       0.163      0.002     0.36227914E+26    12616.670396663
 0.3220E-11    361.261    301.017       0.163      0.002     0.36227575E+26    12616.670396610
 0.3230E-11    360.119    301.017       0.163      0.002     0.36227236E+26    12616.670396557
 0.3240E-11    358.999    301.018       0.163      0.002     0.36226898E+26    12616.670396506
 0.3250E-11    357.901    301.018       0.163      0.002     0.36226560E+26    12616.670396455
 0.3260E-11    356.825    301.019       0.163      0.002     0.36226222E+26    12616.670396407
 0.3270E-11    355.769    301.020       0.163      0.002     0.36225885E+26    12616.670396358
 0.3280E-11    354.734    301.020       0.163      0.002     0.36225548E+26    12616.670396311
 0.3290E-11    353.719    301.021       0.163      0.002     0.36225212E+26    12616.670396265
 0.3300E-11    352.724    301.021       0.163      0.002     0.36224875E+26    12616.670396220
 0.3310E-11    351.748    301.022       0.163      0.002     0.36224539E+26    12616.670396175
 0.3320E-11    350.791    301.023       0.163      0.002     0.36224203E+26    12616.670396132
 0.3330E-11    349.853    301.023       0.163      0.002     0.36223868E+26    12616.670396090
 0.3340E-11    348.934    301.024       0.163      0.002     0.36223533E+26    12616.670396048
 0.3350E-11    348.032    301.024       0.163      0.002     0.36223198E+26    12616.670396007
 0.3360E-11    347.147    301.025       0.163      0.002     0.36222863E+26    12616.670395967
 0.3370E-11    346.280    301.025       0.163      0.002     0.36222529E+26    12616.670395928
 0.3380E-11    345.430    301.026       0.163      0.002     0.36222195E+26    12616.670395890
 0.3390E-11    344.596    301.026       0.163      0.002     0.36221861E+26    12616.670395852
 0.3400E-11    343.779    301.027       0.163      0.002     0.36221527E+26    12616.670395815
 0.3410E-11    342.978    301.027       0.163      0.002     0.36221194E+26    12616.670395780
 0.3420E-11    342.192    301.027       0.163      0.002     0.36220860E+26    12616.670395743
 0.3430E-11    341.421    301.028       0.163      0.002     0.36220528E+26    12616.670395709
 0.3440E-11    340.666    301.028       0.163      0.002     0.36220195E+26    12616.670395676
 0.3450E-11    339.925    301.029       0.163      0.002     0.36219862E+26    12616.670395643
 0.3460E-11    339.198    301.029       0.163      0.002     0.36219530E+26    12616.670395610
 0.3470E-11    338.486    301.030       0.163      0.002     0.36219198E+26    12616.670395578
 0.3480E-11    337.788    301.030       0.163      0.002     0.36218866E+26    12616.670395547
 0.3490E-11    337.103    301.030       0.163      0.002     0.36218535E+26    12616.670395516
 0.3500E-11    336.432    301.031       0.163      0.002     0.36218203E+26    12616.670395486
 0.3510E-11    335.774    301.031       0.163      0.002     0.36217872E+26    12616.670395457
 0.3520E-11    335.128    301.031       0.163      0.002     0.36217541E+26    12616.670395428
 0.3530E-11    334.495    301.032       0.163      0.002     0.36217210E+26    12616.670395400
 0.3540E-11    333.875    301.032       0.163      0.002     0.36216880E+26    12616.670395372
 0.3550E-11    333.266    301.033       0.163      0.002     0.36216549E+26    12616.670395345
 0.3560E-11    332.669    301.033       0.163      0.002     0.36216219E+26    12616.670395318
 0.3570E-11    332.084    301.033       0.163      0.002     0.36215889E+26    12616.670395293
 0.3580E-11    331.511    301.034       0.163      0.002     0.36215559E+26    12616.670395267
 0.3590E-11    330.948    301.034       0.163      0.002     0.36215230E+26    12616.670395242
 0.3600E-11    330.397    301.034       0.163      0.002     0.36214900E+26    12616.670395218
 0.3610E-11    329.856    301.035       0.163      0.002     0.36214571E+26    12616.670395194
 0.3620E-11    329.326    301.035       0.163      0.002     0.36214242E+26    12616.670395170
 0.3630E-11    328.806    301.035       0.163      0.002     0.36213913E+26    12616.670395148
 0.3640E-11    328.297    301.035       0.163      0.002     0.36213584E+26    12616.670395125
 0.3650E-11    327.797    301.036       0.163      0.002     0.36213255E+26    12616.670395103
 0.3660E-11    327.307    301.036       0.163      0.002     0.36212927E+26    12616.670395081
 0.3670E-11    326.826    301.036       0.163      0.002     0.36212598E+26    12616.670395059
 0.3680E-11    326.355    301.037       0.163      0.002     0.36212270E+26    12616.670395039
 0.3690E-11    325.893    301.037       0.163      0.002     0.36211942E+26    12616.670395019
 0.3700E-11    325.440    301.037       0.163      0.002     0.36211614E+26    12616.670394999
 0.3710E-11    324.996    301.037       0.163      0.002     0.36211287E+26    12616.670394979
 0.3720E-11    324.561    301.038       0.163      0.002     0.36210959E+26    12616.670394961
 0.3730E-11    324.134    301.038       0.163      0.002     0.36210632E+26    12616.670394942
 0.3740E-11    323.715    301.038       0.163      0.002     0.36210304E+26    12616.670394924
 0.3750E-11    323.305    301.038       0.163      0.002     0.36209977E+26    12616.670394905
 0.3760E-11    322.902    301.039       0.163      0.002     0.36209650E+26    12616.670394886
 0.3770E-11    322.507    301.039       0.163      0.002     0.36209323E+26    12616.670394870
 0.3780E-11    322.120    301.039       0.163      0.002     0.36208996E+26    12616.670394854
 0.3790E-11    321.741    301.039       0.163      0.002     0.36208670E+26    12616.670394837
 0.3800E-11    321.369    301.039       0.163      0.002     0.36208343E+26    12616.670394820
 0.3810E-11    321.004    301.040       0.163      0.002     0.36208017E+26    12616.670394804
 0.3820E-11    320.647    301.040       0.163      0.002     0.36207691E+26    12616.670394788
 0.3830E-11    320.296    301.040       0.163      0.002     0.36207364E+26    12616.670394773
 0.3840E-11    319.952    301.040       0.163      0.002     0.36207038E+26    12616.670394758
 0.3850E-11    319.615    301.040       0.163      0.002     0.36206713E+26    12616.670394743
 0.3860E-11    319.284    301.041       0.163      0.002     0.36206387E+26    12616.670394729
 0.3870E-11    318.960    301.041       0.163      0.002     0.36206061E+26    12616.670394715
 0.3880E-11    318.642    301.041       0.163      0.002     0.36205735E+26    12616.670394701
 0.3890E-11    318.331    301.041       0.163      0.002     0.36205410E+26    12616.670394688
 0.3900E-11    318.025    301.041       0.163      0.002     0.36205085E+26    12616.670394675
 0.3910E-11    317.725    301.042       0.163      0.002     0.36204759E+26    12616.670394661
 0.3920E-11    317.432    301.042       0.163      0.002     0.36204434E+26    12616.670394648
 0.3930E-11    317.144    301.042       0.163      0.002     0.36204109E+26    12616.670394637
 0.3940E-11    316.861    301.042       0.163      0.002     0.36203784E+26    12616.670394624
 0.3950E-11    316.584    301.042       0.163      0.002     0.36203459E+26    12616.670394612
 0.3960E-11    316.313    301.042       0.163      0.002     0.36203135E+26    12616.670394599
 0.3970E-11    316.046    301.043       0.163      0.002     0.36202810E+26    12616.670394589
 0.3980E-11    315.785    301.043       0.163      0.002     0.36202486E+26    12616.670394577
 0.3990E-11    315.529    301.043       0.163      0.002     0.36202161E+26    12616.670394566
 0.4000E-11    315.278    301.043       0.163      0.002     0.36201837E+26    12616.670394555
 0.4010E-11    315.032    301.043       0.163      0.002     0.36201512E+26    12616.670394545
 0.4020E-11    314.791    301.043       0.163      0.002     0.36201188E+26    12616.670394534
 0.4030E-11    314.555    301.043       0.163      0.002     0.36200864E+26    12616.670394524
 0.4040E-11    314.323    301.044       0.163      0.002     0.36200540E+26    12616.670394514
 0.4050E-11    314.095    301.044       0.163      0.002     0.36200216E+26    12616.670394504
 0.4060E-11    313.872    301.044       0.163      0.002     0.36199893E+26    12616.670394495
 0.4070E-11    313.653    301.044       0.163      0.002     0.36199569E+26    12616.670394485
 0.4080E-11    313.439    301.044       0.163      0.002     0.36199245E+26    12616.670394476
 0.4090E-11    313.229    301.044       0.163      0.002     0.36198922E+26    12616.670394467
 0.4100E-11    313.023    301.044       0.163      0.002     0.36198598E+26    12616.670394458
 0.4110E-11    312.821    301.044       0.163      0.002     0.36198275E+26    12616.670394450
 0.4120E-11    312.622    301.045       0.163      0.002     0.36197951E+26    12616.670394440
 0.4130E-11    312.428    301.045       0.163      0.002     0.36197628E+26    12616.670394432
 0.4140E-11    312.237    301.045       0.163      0.002     0.36197305E+26    12616.670394424
 0.4150E-11    312.051    301.045       0.163      0.002     0.36196982E+26    12616.670394416
 0.4160E-11    311.868    301.045       0.163      0.002     0.36196659E+26    12616.670394408
 0.4170E-11    311.688    301.045       0.163      0.002     0.36196336E+26    12616.670394400
 0.4180E-11    311.512    301.045       0.163      0.002     0.36196013E+26    12616.670394393
 0.4190E-11    311.339    301.045       0.163      0.002     0.36195690E+26    12616.670394385
 0.4200E-11    311.170    301.045       0.163      0.002     0.36195367E+26    12616.670394379
 0.4210E-11    311.004    301.046       0.163      0.002     0.36195045E+26    12616.670394372
 0.4220E-11    310.841    301.046       0.163      0.002     0.36194722E+26    12616.670394364
 0.4230E-11    310.681    301.046       0.163      0.002     0.36194400E+26    12616.670394357
 0.4240E-11    310.525    301.046       0.163      0.002     0.36194077E+26    12616.670394351
 0.4250E-11    310.372    301.046       0.163      0.002     0.36193755E+26    12616.670394344
 0.4260E-11    310.221    301.046       0.163      0.002     0.36193433E+26    12616.670394337
 0.4270E-11    310.074    301.046       0.163      0.002     0.36193110E+26    12616.670394331
 0.4280E-11    309.929    301.046       0.163      0.002     0.36192788E+26    12616.670394325
 0.4290E-11    309.787    301.046       0.163      0.002     0.36192466E+26    12616.670394319
 0.4300E-11    309.648    301.046       0.163      0.002     0.36192144E+26    12616.670394313
 0.4310E-11    309.512    301.046       0.163      0.002     0.36191822E+26    12616.670394307
 0.4320E-11    309.378    301.047       0.163      0.002     0.36191500E+26    12616.670394302
 0.4330E-11    309.247    301.047       0.163      0.002     0.36191178E+26    12616.670394296
 0.4340E-11    309.118    301.047       0.163      0.002     0.36190856E+26    12616.670394290
 0.4350E-11    308.992    301.047       0.163      0.002     0.36190535E+26    12616.670394285
 0.4360E-11    308.869    301.047       0.163      0.002     0.36190213E+26    12616.670394280
 0.4370E-11    308.748    301.047       0.163      0.002     0.36189891E+26    12616.670394274
 0.4380E-11    308.629    301.047       0.163      0.002     0.36189570E+26    12616.670394270
 0.4390E-11    308.512    301.047       0.163      0.002     0.36189248E+26    12616.670394264
 0.4400E-11    308.398    301.047       0.163      0.002     0.36188927E+26    12616.670394259
 0.4410E-11    308.286    301.047       0.163      0.002     0.36188605E+26    12616.670394255
 0.4420E-11    308.176    301.047       0.163      0.002     0.36188284E+26    12616.670394250
 0.4430E-11    308.069    301.047       0.163      0.002     0.36187963E+26    12616.670394245
 0.4440E-11    307.963    301.048       0.163      0.002     0.36187641E+26    12616.670394240
 0.4450E-11    307.860    301.048       0.163      0.002     0.36187320E+26    12616.670394236
 0.4460E-11    307.758    301.048       0.163      0.002     0.36186999E+26    12616.670394232
 0.4470E-11    307.659    301.048       0.163      0.002     0.36186678E+26    12616.670394227
 0.4480E-11    307.561    301.048       0.163      0.002     0.36186357E+26    12616.670394224
 0.4490E-11    307.465    301.048       0.163      0.002     0.36186036E+26    12616.670394220
 0.4500E-11    307.372    301.048       0.163      0.002     0.36185715E+26    12616.670394216
 0.4510E-11    307.280    301.048       0.163      0.002     0.36185394E+26    12616.670394212
 0.4520E-11    307.189    301.048       0.163      0.002     0.36185073E+26    12616.670394208
 0.4530E-11    307.101    301.048       0.163      0.002     0.36184752E+26    12616.670394204
 0.4540E-11    307.014    301.048       0.163      0.002     0.36184432E+26    12616.670394200
 0.4550E-11    306.929    301.048       0.163      0.002     0.36184111E+26    12616.670394196
 0.4560E-11    306.846    301.048       0.163      0.002     0.36183790E+26    12616.670394193
 0.4570E-11    306.764    301.048       0.163      0.002     0.36183470E+26    12616.670394189
 0.4580E-11    306.684    301.048       0.163      0.002     0.36183149E+26    12616.670394186
 0.4590E-11    306.605    301.048       0.163      0.002     0.36182829E+26    12616.670394183
 0.4600E-11    306.528    301.048       0.163      0.002     0.36182508E+26    12616.670394180
 0.4610E-11    306.453    301.049       0.163      0.002     0.36182188E+26    12616.670394177
 0.4620E-11    306.379    301.049       0.163      0.002     0.36181867E+26    12616.670394174
 0.4630E-11    306.306    301.049       0.163      0.002     0.36181547E+26    12616.670394170
 0.4640E-11    306.235    301.049       0.163      0.002     0.36181227E+26    12616.670394167
 0.4650E-11    306.165    301.049       0.163      0.002     0.36180906E+26    12616.670394165
 0.4660E-11    306.097    301.049       0.163      0.002     0.36180586E+26    12616.670394162
 0.4670E-11    306.030    301.049       0.163      0.002     0.36180266E+26    12616.670394158
 0.4680E-11    305.964    301.049       0.163      0.002     0.36179946E+26    12616.670394156
 0.4690E-11    305.899    301.049       0.163      0.002     0.36179626E+26    12616.670394153
 0.4700E-11    305.836    301.049       0.163      0.002     0.36179306E+26    12616.670394150
 0.4710E-11    305.774    301.049       0.163      0.002     0.36178986E+26    12616.670394148
 0.4720E-11    305.713    301.049       0.163      0.002     0.36178666E+26    12616.670394145
 0.4730E-11    305.653    301.049       0.163      0.002     0.36178346E+26    12616.670394143
 0.4740E-11    305.595    301.049       0.163      0.002     0.36178026E+26    12616.670394140
 0.4750E-11    305.538    301.049       0.163      0.002     0.36177706E+26    12616.670394139
 0.4760E-11    305.481    301.049       0.163      0.002     0.36177387E+26    12616.670394135
 0.4770E-11    305.426    301.049       0.163      0.002     0.36177067E+26    12616.670394132
 0.4780E-11    305.372    301.049       0.163      0.002     0.36176747E+26    12616.670394132
 0.4790E-11    305.319    301.049       0.163      0.002     0.36176428E+26    12616.670394128
 0.4800E-11    305.267    301.049       0.163      0.002     0.36176108E+26    12616.670394126
 0.4810E-11    305.216    301.049       0.163      0.002     0.36175788E+26    12616.670394124
 0.4820E-11    305.166    301.050       0.163      0.002     0.36175469E+26    12616.670394121
 0.4830E-11    305.117    301.050       0.163      0.002     0.36175149E+26    12616.670394120
 0.4840E-11    305.069    301.050       0.163      0.002     0.36174830E+26    12616.670394118
 0.4850E-11    305.022    301.050       0.163      0.002     0.36174510E+26    12616.670394116
 0.4860E-11    304.976    301.050       0.163      0.002     0.36174191E+26    12616.670394114
 0.4870E-11    304.931    301.050       0.163      0.002     0.36173872E+26    12616.670394112
 0.4880E-11    304.886    301.050       0.163      0.002     0.36173552E+26    12616.670394111
 0.4890E-11    304.843    301.050       0.163      0.002     0.36173233E+26    12616.670394109
 0.4900E-11    304.800    301.050       0.163      0.002     0.36172914E+26    12616.670394107
 0.4910E-11    304.758    301.050       0.163      0.002     0.36172595E+26    12616.670394105
 0.4920E-11    304.717    301.050       0.163      0.002     0.36172275E+26    12616.670394103
 0.4930E-11    304.677    301.050       0.163      0.002     0.36171956E+26    12616.670394102
 0.4940E-11    304.637    301.050       0.163      0.002     0.36171637E+26    12616.670394099
 0.4950E-11    304.599    301.050       0.163      0.002     0.36171318E+26    12616.670394098
 0.4960E-11    304.561    301.050       0.163      0.002     0.36170999E+26    12616.670394097
 0.4970E-11    304.524    301.050       0.163      0.002     0.36170680E+26    12616.670394095
 0.4980E-11    304.487    301.050       0.163      0.002     0.36170361E+26    12616.670394093
 0.4990E-11    304.451    301.050       0.163      0.002     0.36170042E+26    12616.670394091
 0.5000E-11    304.416    301.050       0.163      0.002     0.36169723E+26    12616.670394091
 # Total CPU time:    30.619306999999999      seconds
