     0.000000000000E+00     0.113658891619E+01     0.108036158511E+01     0.279936426805E+01
     0.125786163522E+00     0.100138411261E+01     0.939168049953E+00     0.269559143037E+01
     0.251572327044E+00     0.832463387948E+00     0.764034181009E+00     0.264035617466E+01
     0.377358490566E+00     0.715567043891E+00     0.641309579490E+00     0.263469714658E+01
     0.503144654088E+00     0.636963081190E+00     0.557353368127E+00     0.263135265359E+01
     0.628930817610E+00     0.581476727317E+00     0.497646835205E+00     0.262129510991E+01
     0.754716981132E+00     0.540446687866E+00     0.453693239647E+00     0.260423769705E+01
     0.880503144654E+00     0.508841786715E+00     0.420491317093E+00     0.257997470549E+01
     0.100628930818E+01     0.483525057143E+00     0.394924866512E+00     0.254764183201E+01
     0.113207547170E+01     0.462435839529E+00     0.374957935032E+00     0.250597310820E+01
     0.125786163522E+01     0.444177640056E+00     0.359210368714E+00     0.245354162087E+01
     0.138364779874E+01     0.427799300219E+00     0.346717311371E+00     0.238897867497E+01
     0.150943396226E+01     0.412676591291E+00     0.336784543559E+00     0.231121189806E+01
     0.163522012579E+01     0.398445437482E+00     0.328897274457E+00     0.221972093079E+01
     0.176100628931E+01     0.384956233979E+00     0.322660825345E+00     0.211477231713E+01
     0.188679245283E+01     0.372228794117E+00     0.317761797730E+00     0.199757117811E+01
     0.201257861635E+01     0.360396971347E+00     0.313943333123E+00     0.187026752228E+01
     0.213836477987E+01     0.349643141604E+00     0.310990351509E+00     0.173578761682E+01
     0.226415094340E+01     0.340132997981E+00     0.308721532252E+00     0.159751670734E+01
     0.238993710692E+01     0.331965661375E+00     0.306985210580E+00     0.145891119564E+01
     0.251572327044E+01     0.325150194854E+00     0.305656894577E+00     0.132313756066E+01
     0.264150943396E+01     0.319609730634E+00     0.304636907653E+00     0.119281368818E+01
     0.276729559748E+01     0.315204876954E+00     0.303847524469E+00     0.106988283249E+01
     0.289308176101E+01     0.311764053663E+00     0.303229616904E+00     0.955607314732E+00
     0.301886792453E+01     0.309110506701E+00     0.302739136878E+00     0.850644843660E+00
     0.314465408805E+01     0.307080868817E+00     0.302343792526E+00     0.755166350478E+00
     0.327044025157E+01     0.305534787365E+00     0.302020160091E+00     0.668982734970E+00
     0.339622641509E+01     0.304357687523E+00     0.301751332708E+00     0.591660302460E+00
     0.352201257862E+01     0.303459341702E+00     0.301525099337E+00     0.522615531579E+00
     0.364779874214E+01     0.302770451734E+00     0.301332586636E+00     0.461187198584E+00
     0.377358490566E+01     0.302238685828E+00     0.301167274362E+00     0.406687939121E+00
     0.389937106918E+01     0.301824947441E+00     0.301024296311E+00     0.358438989903E+00
     0.402515723270E+01     0.301500203953E+00     0.300899951295E+00     0.315792096176E+00
     0.415094339623E+01     0.301242947195E+00     0.300791364387E+00     0.278142123623E+00
     0.427672955975E+01     0.301037234944E+00     0.300696253555E+00     0.244933224928E+00
     0.440251572327E+01     0.300871216881E+00     0.300612769132E+00     0.215660718530E+00
     0.452830188679E+01     0.300736042706E+00     0.300539383108E+00     0.189870241922E+00
     0.465408805031E+01     0.300625061505E+00     0.300474812278E+00     0.167155272480E+00
     0.477987421384E+01     0.300533238127E+00     0.300417964314E+00     0.147153757739E+00
     0.490566037736E+01     0.300456728979E+00     0.300367899321E+00     0.129544344334E+00
     0.503144654088E+01     0.300392573809E+00     0.300323801894E+00     0.114042517830E+00
     0.515723270440E+01     0.300338471430E+00     0.300284960318E+00     0.100396844567E+00
     0.528301886792E+01     0.300292616018E+00     0.300250750682E+00     0.883854255042E-01
     0.540880503145E+01     0.300253577098E+00     0.300220624409E+00     0.778126188353E-01
     0.553459119497E+01     0.300220211077E+00     0.300194098214E+00     0.685060539769E-01
     0.566037735849E+01     0.300191595603E+00     0.300170745816E+00     0.603139383793E-01
     0.578616352201E+01     0.300166980522E+00     0.300150190972E+00     0.531026459818E-01
     0.591194968553E+01     0.300145750938E+00     0.300132101511E+00     0.467545691676E-01
     0.603773584906E+01     0.300127399166E+00     0.300116184170E+00     0.411662127202E-01
     0.616352201258E+01     0.300111503244E+00     0.300102180083E+00     0.362465072106E-01
     0.628930817610E+01     0.300097710342E+00     0.300089860807E+00     0.319153195560E-01
     0.641509433962E+01     0.300085723820E+00     0.300079024817E+00     0.281021395984E-01
     0.654088050314E+01     0.300075293053E+00     0.300069494398E+00     0.247449230904E-01
     0.666666666667E+01     0.300066205363E+00     0.300061112894E+00     0.217890731840E-01
     0.679245283019E+01     0.300058279567E+00     0.300053742271E+00     0.191865442728E-01
     0.691823899371E+01     0.300051360762E+00     0.300047260908E+00     0.168950537293E-01
     0.704402515723E+01     0.300045316124E+00     0.300041561739E+00     0.148773886718E-01
     0.716981132075E+01     0.300040031428E+00     0.300036550485E+00     0.131007963583E-01
     0.729559748428E+01     0.300035408218E+00     0.300032144205E+00     0.115364481291E-01
     0.742138364780E+01     0.300031361426E+00     0.300028269866E+00     0.101589680163E-01
     0.754716981132E+01     0.300027817428E+00     0.300024863249E+00     0.894601819331E-02
     0.767295597484E+01     0.300024712393E+00     0.300021867887E+00     0.787793438707E-02
     0.779874213836E+01     0.300021990883E+00     0.300019234073E+00     0.693740519988E-02
     0.792452830189E+01     0.300019604699E+00     0.300016918123E+00     0.610919002924E-02
     0.805031446541E+01     0.300017511877E+00     0.300014881615E+00     0.537987091591E-02
     0.817610062893E+01     0.300015675854E+00     0.300013090816E+00     0.473763421881E-02
     0.830188679245E+01     0.300014064722E+00     0.300011515969E+00     0.417207851444E-02
     0.842767295597E+01     0.300012650636E+00     0.300010131035E+00     0.367404555819E-02
     0.855345911950E+01     0.300011409262E+00     0.300008913056E+00     0.323547152439E-02
     0.867924528302E+01     0.300010319322E+00     0.300007841850E+00     0.284925608577E-02
     0.880503144654E+01     0.300009362202E+00     0.300006899709E+00     0.250914718322E-02
     0.893081761006E+01     0.300008521608E+00     0.300006071067E+00     0.220963960009E-02
     0.905660377358E+01     0.300007783261E+00     0.300005342122E+00     0.194588568203E-02
     0.918238993711E+01     0.300007134667E+00     0.300004700960E+00     0.171361674467E-02
     0.930817610063E+01     0.300006564862E+00     0.300004136892E+00     0.150907388507E-02
     0.943396226415E+01     0.300006064241E+00     0.300003640665E+00     0.132894707127E-02
     0.955974842767E+01     0.300005624377E+00     0.300003204106E+00     0.117032151588E-02
     0.968553459119E+01     0.300005237878E+00     0.300002820034E+00     0.103063046208E-02
     0.981132075472E+01     0.300004898253E+00     0.300002482051E+00     0.907613613632E-03
     0.993710691824E+01     0.300004599809E+00     0.300002184688E+00     0.799280533631E-03
     0.100628930818E+02     0.300004337546E+00     0.300001922982E+00     0.703878416877E-03
     0.101886792453E+02     0.300004107074E+00     0.300001692724E+00     0.619863713266E-03
     0.103144654088E+02     0.300003904537E+00     0.300001490059E+00     0.545877140995E-03
     0.104402515723E+02     0.300003726548E+00     0.300001311749E+00     0.480721684835E-03
     0.105660377358E+02     0.300003570130E+00     0.300001154796E+00     0.423343222117E-03
     0.106918238994E+02     0.300003432669E+00     0.300001016633E+00     0.372813462776E-03
     0.108176100629E+02     0.300003311867E+00     0.300000895002E+00     0.328314926633E-03
     0.109433962264E+02     0.300003205707E+00     0.300000788004E+00     0.289127714663E-03
     0.110691823899E+02     0.300003112413E+00     0.300000693732E+00     0.254617859785E-03
     0.111949685535E+02     0.300003030428E+00     0.300000610793E+00     0.224227068718E-03
     0.113207547170E+02     0.300002958381E+00     0.300000537778E+00     0.197463688438E-03
     0.114465408805E+02     0.300002895069E+00     0.300000473495E+00     0.173894751281E-03
     0.115723270440E+02     0.300002839433E+00     0.300000416966E+00     0.153138969694E-03
     0.116981132075E+02     0.300002790541E+00     0.300000367118E+00     0.134860567262E-03
     0.118238993711E+02     0.300002747578E+00     0.300000323222E+00     0.118763846251E-03
     0.119496855346E+02     0.300002709824E+00     0.300000284648E+00     0.104588403587E-03
     0.120754716981E+02     0.300002676648E+00     0.300000250601E+00     0.921049179333E-04
     0.122012578616E+02     0.300002647495E+00     0.300000220698E+00     0.811114397155E-04
     0.123270440252E+02     0.300002621878E+00     0.300000194369E+00     0.714301239315E-04
     0.124528301887E+02     0.300002599367E+00     0.300000171101E+00     0.629043530091E-04
     0.125786163522E+02     0.300002579587E+00     0.300000150688E+00     0.553962030880E-04
     0.127044025157E+02     0.300002562206E+00     0.300000132714E+00     0.487842127138E-04
     0.128301886792E+02     0.300002546934E+00     0.300000116888E+00     0.429614179001E-04
     0.129559748428E+02     0.300002533515E+00     0.300000102865E+00     0.378336217093E-04
     0.130817610063E+02     0.300002521725E+00     0.300000090593E+00     0.333178703966E-04
     0.132075471698E+02     0.300002511366E+00     0.300000079787E+00     0.293411114233E-04
     0.133333333333E+02     0.300002502264E+00     0.300000070271E+00     0.258390116693E-04
     0.134591194969E+02     0.300002494269E+00     0.300000061892E+00     0.227549166936E-04
     0.135849056604E+02     0.300002487245E+00     0.300000054514E+00     0.200389342195E-04
     0.137106918239E+02     0.300002481075E+00     0.300000048017E+00     0.176471270149E-04
     0.138364779874E+02     0.300002475656E+00     0.300000042295E+00     0.155408021092E-04
     0.139622641509E+02     0.300002470897E+00     0.300000037217E+00     0.136858848479E-04
     0.140880503145E+02     0.300002466718E+00     0.300000032733E+00     0.120523676602E-04
     0.142138364780E+02     0.300002463049E+00     0.300000028825E+00     0.106138246205E-04
     0.143396226415E+02     0.300002459828E+00     0.300000025384E+00     0.934698394925E-05
     0.144654088050E+02     0.300002457002E+00     0.300000022353E+00     0.823135154199E-05
     0.145911949686E+02     0.300002454522E+00     0.300000019685E+00     0.724887943137E-05
     0.147169811321E+02     0.300002452347E+00     0.300000017335E+00     0.638367382136E-05
     0.148427672956E+02     0.300002450440E+00     0.300000015266E+00     0.562173796993E-05
     0.149685534591E+02     0.300002448768E+00     0.300000013444E+00     0.495074576058E-05
     0.150943396226E+02     0.300002447304E+00     0.300000011839E+00     0.435984229994E-05
     0.152201257862E+02     0.300002446021E+00     0.300000010426E+00     0.383946831555E-05
     0.153459119497E+02     0.300002444899E+00     0.300000009181E+00     0.338120551319E-05
     0.154716981132E+02     0.300002443918E+00     0.300000008085E+00     0.297764039190E-05
     0.155974842767E+02     0.300002443061E+00     0.300000007120E+00     0.262224431390E-05
     0.157232704403E+02     0.300002442313E+00     0.300000006270E+00     0.230926788894E-05
     0.158490566038E+02     0.300002441661E+00     0.300000005522E+00     0.203364796484E-05
     0.159748427673E+02     0.300002441093E+00     0.300000004863E+00     0.179092571931E-05
     0.161006289308E+02     0.300002440600E+00     0.300000004283E+00     0.157717452831E-05
     0.162264150943E+02     0.300002440171E+00     0.300000003771E+00     0.138893644372E-05
     0.163522012579E+02     0.300002439800E+00     0.300000003321E+00     0.122316625307E-05
     0.164779874214E+02     0.300002439480E+00     0.300000002925E+00     0.107718221607E-05
     0.166037735849E+02     0.300002439204E+00     0.300000002576E+00     0.948622681183E-06
     0.167295597484E+02     0.300002438967E+00     0.300000002268E+00     0.835407880355E-06
     0.168553459119E+02     0.300002438765E+00     0.300000001998E+00     0.735706283851E-06
     0.169811320755E+02     0.300002438593E+00     0.300000001759E+00     0.647904970913E-06
     0.171069182390E+02     0.300002438448E+00     0.300000001549E+00     0.570583536923E-06
     0.172327044025E+02     0.300002438326E+00     0.300000001364E+00     0.502491114965E-06
     0.173584905660E+02     0.300002438224E+00     0.300000001202E+00     0.442526140052E-06
     0.174842767296E+02     0.300002438141E+00     0.300000001058E+00     0.389718528656E-06
     0.176100628931E+02     0.300002438074E+00     0.300000000932E+00     0.343213985267E-06
     0.177358490566E+02     0.300002438021E+00     0.300000000821E+00     0.302260182094E-06
     0.178616352201E+02     0.300002437981E+00     0.300000000723E+00     0.266194588331E-06
     0.179874213836E+02     0.300002437951E+00     0.300000000636E+00     0.234433752105E-06
     0.181132075472E+02     0.300002437931E+00     0.300000000561E+00     0.206463861720E-06
     0.182389937107E+02     0.300002437919E+00     0.300000000494E+00     0.181832433486E-06
     0.183647798742E+02     0.300002437915E+00     0.300000000435E+00     0.160140991691E-06
     0.184905660377E+02     0.300002437918E+00     0.300000000383E+00     0.141038622267E-06
     0.186163522013E+02     0.300002437926E+00     0.300000000337E+00     0.124216295890E-06
     0.187421383648E+02     0.300002437939E+00     0.300000000297E+00     0.109401868665E-06
     0.188679245283E+02     0.300002437957E+00     0.300000000262E+00     0.963556795260E-07
     0.189937106918E+02     0.300002437978E+00     0.300000000230E+00     0.848666731158E-07
     0.191194968553E+02     0.300002438004E+00     0.300000000203E+00     0.747489854441E-07
     0.192452830189E+02     0.300002438032E+00     0.300000000179E+00     0.658389370724E-07
     0.193710691824E+02     0.300002438063E+00     0.300000000157E+00     0.579923852567E-07
     0.194968553459E+02     0.300002438096E+00     0.300000000139E+00     0.510823954699E-07
     0.196226415094E+02     0.300002438131E+00     0.300000000122E+00     0.449973253363E-07
     0.197484276730E+02     0.300002438169E+00     0.300000000107E+00     0.396432321522E-07
     0.198742138365E+02     0.300002438206E+00     0.300000000095E+00     0.350301878434E-07
     0.200000000000E+02     0.300002438232E+00     0.300000000086E+00     0.322476960524E-07
